0 info it worked if it ends with ok
1 verbose cli [ 'D:\\Program Files\\nodejs\\\\node.exe',
1 verbose cli   'D:\\Program Files\\nodejs\\node_modules\\npm\\bin\\npm-cli.js',
1 verbose cli   'install' ]
2 info using npm@1.4.14
3 info using node@v0.10.29
4 verbose node symlink D:\Program Files\nodejs\\node.exe
5 verbose readDependencies using package.json deps
6 verbose install where, deps [ 'E:\\cqw_workspace\\test_sth\\pages\\express\\nodejs-demo',
6 verbose install   [ 'body-parser',
6 verbose install     'connect',
6 verbose install     'connect-mongo',
6 verbose install     'cookie-parser',
6 verbose install     'debug',
6 verbose install     'ejs',
6 verbose install     'express',
6 verbose install     'express-session',
6 verbose install     'handlebars',
6 verbose install     'mongoose',
6 verbose install     'morgan',
6 verbose install     'serve-favicon',
6 verbose install     'session-mongoose',
6 verbose install     'express-bodyParser' ] ]
7 info preinstall nodejs-demo@0.0.0
8 verbose readDependencies using package.json deps
9 verbose already installed skipping body-parser@~1.8.1 E:\cqw_workspace\test_sth\pages\express\nodejs-demo
10 verbose already installed skipping connect@^2.27.3 E:\cqw_workspace\test_sth\pages\express\nodejs-demo
11 verbose already installed skipping connect-mongo@^0.4.1 E:\cqw_workspace\test_sth\pages\express\nodejs-demo
12 verbose already installed skipping cookie-parser@~1.3.3 E:\cqw_workspace\test_sth\pages\express\nodejs-demo
13 verbose already installed skipping debug@~2.0.0 E:\cqw_workspace\test_sth\pages\express\nodejs-demo
14 verbose already installed skipping ejs@~0.8.5 E:\cqw_workspace\test_sth\pages\express\nodejs-demo
15 verbose already installed skipping express@~4.9.0 E:\cqw_workspace\test_sth\pages\express\nodejs-demo
16 verbose already installed skipping express-session@~1.0.4 E:\cqw_workspace\test_sth\pages\express\nodejs-demo
17 verbose already installed skipping handlebars@^2.0.0 E:\cqw_workspace\test_sth\pages\express\nodejs-demo
18 verbose already installed skipping mongoose@^3.8.19 E:\cqw_workspace\test_sth\pages\express\nodejs-demo
19 verbose already installed skipping morgan@~1.3.0 E:\cqw_workspace\test_sth\pages\express\nodejs-demo
20 verbose already installed skipping serve-favicon@~2.1.3 E:\cqw_workspace\test_sth\pages\express\nodejs-demo
21 verbose already installed skipping session-mongoose@^0.5.2 E:\cqw_workspace\test_sth\pages\express\nodejs-demo
22 verbose cache add [ 'express-bodyParser@*', null ]
23 verbose cache add name=undefined spec="express-bodyParser@*" args=["express-bodyParser@*",null]
24 verbose parsed url { protocol: null,
24 verbose parsed url   slashes: null,
24 verbose parsed url   auth: null,
24 verbose parsed url   host: null,
24 verbose parsed url   port: null,
24 verbose parsed url   hostname: null,
24 verbose parsed url   hash: null,
24 verbose parsed url   search: null,
24 verbose parsed url   query: null,
24 verbose parsed url   pathname: 'express-bodyParser@*',
24 verbose parsed url   path: 'express-bodyParser@*',
24 verbose parsed url   href: 'express-bodyParser@*' }
25 verbose cache add name="express-bodyParser" spec="*" args=["express-bodyParser","*"]
26 verbose parsed url { protocol: null,
26 verbose parsed url   slashes: null,
26 verbose parsed url   auth: null,
26 verbose parsed url   host: null,
26 verbose parsed url   port: null,
26 verbose parsed url   hostname: null,
26 verbose parsed url   hash: null,
26 verbose parsed url   search: null,
26 verbose parsed url   query: null,
26 verbose parsed url   pathname: '*',
26 verbose parsed url   path: '*',
26 verbose parsed url   href: '*' }
27 verbose addNamed [ 'express-bodyParser', '*' ]
28 verbose addNamed [ null, '*' ]
29 silly lockFile c66eab27-express-bodyParser express-bodyParser@*
30 verbose lock express-bodyParser@* C:\Users\faye wong\AppData\Roaming\npm-cache\c66eab27-express-bodyParser.lock
31 silly addNameRange { name: 'express-bodyParser', range: '*', hasData: false }
32 verbose url raw express-bodyParser
33 verbose url resolving [ 'https://registry.npmjs.org/', './express-bodyParser' ]
34 verbose url resolved https://registry.npmjs.org/express-bodyParser
35 info trying registry request attempt 1 at 15:14:58
36 http GET https://registry.npmjs.org/express-bodyParser
37 http 404 https://registry.npmjs.org/express-bodyParser
38 verbose headers { date: 'Tue, 11 Nov 2014 07:12:29 GMT',
38 verbose headers   server: 'CouchDB/1.5.0 (Erlang OTP/R16B03)',
38 verbose headers   'content-type': 'application/json',
38 verbose headers   'cache-control': 'max-age=0',
38 verbose headers   'content-length': '52',
38 verbose headers   'accept-ranges': 'bytes',
38 verbose headers   via: '1.1 varnish',
38 verbose headers   age: '0',
38 verbose headers   'x-served-by': 'cache-ty68-TYO',
38 verbose headers   'x-cache': 'MISS',
38 verbose headers   'x-cache-hits': '0',
38 verbose headers   'x-timer': 'S1415689948.929080,VS0,VE125',
38 verbose headers   'keep-alive': 'timeout=10, max=50',
38 verbose headers   connection: 'Keep-Alive' }
39 silly registry.get cb [ 404,
39 silly registry.get   { date: 'Tue, 11 Nov 2014 07:12:29 GMT',
39 silly registry.get     server: 'CouchDB/1.5.0 (Erlang OTP/R16B03)',
39 silly registry.get     'content-type': 'application/json',
39 silly registry.get     'cache-control': 'max-age=0',
39 silly registry.get     'content-length': '52',
39 silly registry.get     'accept-ranges': 'bytes',
39 silly registry.get     via: '1.1 varnish',
39 silly registry.get     age: '0',
39 silly registry.get     'x-served-by': 'cache-ty68-TYO',
39 silly registry.get     'x-cache': 'MISS',
39 silly registry.get     'x-cache-hits': '0',
39 silly registry.get     'x-timer': 'S1415689948.929080,VS0,VE125',
39 silly registry.get     'keep-alive': 'timeout=10, max=50',
39 silly registry.get     connection: 'Keep-Alive' } ]
40 silly lockFile c66eab27-express-bodyParser express-bodyParser@*
41 silly lockFile c66eab27-express-bodyParser express-bodyParser@*
42 error 404 404 Not Found: express-bodyParser
42 error 404
42 error 404 'express-bodyParser' is not in the npm registry.
42 error 404 You should bug the author to publish it
42 error 404 It was specified as a dependency of 'nodejs-demo'
42 error 404
42 error 404 Note that you can also install from a
42 error 404 tarball, folder, or http url, or git url.
43 error System Windows_NT 6.2.9200
44 error command "D:\\Program Files\\nodejs\\\\node.exe" "D:\\Program Files\\nodejs\\node_modules\\npm\\bin\\npm-cli.js" "install"
45 error cwd E:\cqw_workspace\test_sth\pages\express\nodejs-demo
46 error node -v v0.10.29
47 error npm -v 1.4.14
48 error code E404
49 verbose exit [ 1, true ]
